============================= test session starts ==============================
platform darwin -- Python 3.12.13, pytest-8.4.2, pluggy-1.6.0
rootdir: /Users/harshodaikolluru/Public/askmukthiguru-8119b0e8/backend
configfile: pyproject.toml
plugins: anyio-4.14.1, asyncio-0.26.0, langsmith-0.8.5
asyncio: mode=Mode.STRICT, asyncio_default_fixture_loop_scope=None, asyncio_default_test_loop_scope=function
collected 569 items

backend/tests/test_abstractions.py ..............................        [  5%]
backend/tests/test_adaptive_chunking.py ....                             [  5%]
backend/tests/test_admin.py .....                                        [  6%]
backend/tests/test_assistants_integration.py ..............              [  9%]
backend/tests/test_audit_fixes.py ...                                    [  9%]
backend/tests/test_authz_regression.py .......                           [ 11%]
backend/tests/test_benchmarks.py ..                                      [ 11%]
backend/tests/test_chat_contract.py ......                               [ 12%]
backend/tests/test_chat_endpoint.py ....                                 [ 13%]
backend/tests/test_citation_extractor.py .......                         [ 14%]
backend/tests/test_coalescer.py ...                                      [ 14%]
backend/tests/test_concurrent_retriever.py ..                            [ 15%]
backend/tests/test_config_validation.py .......                          [ 16%]
backend/tests/test_context_compressor.py ..                              [ 16%]
backend/tests/test_crag_confidence_skip.py ...                           [ 17%]
backend/tests/test_cross_teacher_reasoning.py ....                       [ 18%]
backend/tests/test_csp_rate_limiter.py .......                           [ 19%]
backend/tests/test_deep_research.py ...                                  [ 19%]
backend/tests/test_dspy_optimization.py ...                              [ 20%]
backend/tests/test_edge_cases.py .............                           [ 22%]
backend/tests/test_embedding_no_double_prefix.py .                       [ 22%]
backend/tests/test_embedding_service.py ..                               [ 23%]
backend/tests/test_fail_closed_paths.py ...........                      [ 25%]
backend/tests/test_flashrank_rerank.py ...                               [ 25%]
backend/tests/test_generation_node.py .........                          [ 27%]
backend/tests/test_golden_dataset.py ...                                 [ 27%]
backend/tests/test_graph_cache.py .....                                  [ 28%]
backend/tests/test_graph_stage_fixes.py ...                              [ 29%]
backend/tests/test_graph_strategies.py ...........                       [ 31%]
backend/tests/test_graph_strategy_wiring.py ....                         [ 31%]
backend/tests/test_guardrails.py ....................                    [ 35%]
backend/tests/test_guardrails_chain.py ....                              [ 36%]
backend/tests/test_health.py ..                                          [ 36%]
backend/tests/test_hot_cache.py ..........                               [ 38%]
backend/tests/test_hyper_extract_adapter.py ............                 [ 40%]
backend/tests/test_important_kwd_backfill.py ...                         [ 40%]
backend/tests/test_ingest_adaptive_chunking.py .......                   [ 42%]
backend/tests/test_ingestion_checkpoints.py ...                          [ 42%]
backend/tests/test_ingestion_pipeline.py ...                             [ 43%]
backend/tests/test_intent_complexity_parser.py .................         [ 46%]
backend/tests/test_intent_prompt_semantics.py .....................      [ 49%]
backend/tests/test_intent_router.py ....                                 [ 50%]
backend/tests/test_latency_optimization.py ......                        [ 51%]
backend/tests/test_lettuce_detect_service.py .......                     [ 52%]
backend/tests/test_log_metrics_fallback.py .                             [ 52%]
backend/tests/test_meditation_routing.py ............................... [ 58%]
.................                                                        [ 61%]
backend/tests/test_memory_api.py .....                                   [ 62%]
backend/tests/test_memory_context.py ....                                [ 62%]
backend/tests/test_memory_episodic.py .....                              [ 63%]
backend/tests/test_memory_service.py ..........                          [ 65%]
backend/tests/test_nim.py ..                                             [ 65%]
backend/tests/test_nodes.py ........                                     [ 67%]
backend/tests/test_notebook_service.py ....                              [ 68%]
backend/tests/test_observability.py ..                                   [ 68%]
backend/tests/test_okf_compiler.py ....                                  [ 69%]
backend/tests/test_ollama_rate_limit.py ...                              [ 69%]
backend/tests/test_openrouter.py ..                                      [ 69%]
backend/tests/test_pipeline_stages.py ..................                 [ 73%]
backend/tests/test_production_fixes.py ....                              [ 73%]
backend/tests/test_prompts_decomposition.py ....                         [ 74%]
backend/tests/test_rag_advanced.py ....                                  [ 75%]
backend/tests/test_raptor_gmm.py ..                                      [ 75%]
backend/tests/test_reranking_fail_safe.py ..                             [ 75%]
backend/tests/test_retrieval_quality.py ..................               [ 79%]
backend/tests/test_retrieve_documents_contract.py .                      [ 79%]
backend/tests/test_rrf_ranker.py ...                                     [ 79%]
backend/tests/test_ruthless_phase2.py ...                                [ 80%]
backend/tests/test_sarvam_observability.py ...                           [ 80%]
backend/tests/test_semantic_model_router.py ............                 [ 82%]
backend/tests/test_semantic_router.py .......................            [ 86%]
backend/tests/test_serene_mind.py .......                                [ 88%]
backend/tests/test_thresholds.py ..                                      [ 88%]
backend/tests/test_tiered_router.py ......                               [ 89%]
backend/tests/test_tiered_routing_streaming.py ...........               [ 91%]
backend/tests/test_title_endpoint.py ..                                  [ 91%]
backend/tests/test_token_budget_guard.py ..                              [ 92%]
backend/tests/test_universal_ingest.py ..                                [ 92%]
backend/tests/test_video_pipeline.py ...                                 [ 93%]
backend/tests/test_web_search.py ......................................  [ 99%]
backend/tests/test_youtube_loader_concurrent.py .                        [100%]

=============================== warnings summary ===============================
.venv/lib/python3.12/site-packages/fastapi/testclient.py:1
  /Users/harshodaikolluru/Public/askmukthiguru-8119b0e8/.venv/lib/python3.12/site-packages/fastapi/testclient.py:1: StarletteDeprecationWarning: Using `httpx` with `starlette.testclient` is deprecated; install `httpx2` instead.
    from starlette.testclient import TestClient as TestClient  # noqa

.venv/lib/python3.12/site-packages/langgraph/cache/base/__init__.py:8
  /Users/harshodaikolluru/Public/askmukthiguru-8119b0e8/.venv/lib/python3.12/site-packages/langgraph/cache/base/__init__.py:8: LangChainPendingDeprecationWarning: The default value of `allowed_objects` will change in a future version. Pass an explicit value (e.g., allowed_objects='messages' or allowed_objects='core') to suppress this warning.
    from langgraph.checkpoint.serde.jsonplus import JsonPlusSerializer

backend/tests/test_citation_extractor.py:10
  /Users/harshodaikolluru/Public/askmukthiguru-8119b0e8/backend/tests/test_citation_extractor.py:10: PytestUnknownMarkWarning: Unknown pytest.mark.unit - is this a typo?  You can register custom marks to avoid this warning - for details, see https://docs.pytest.org/en/stable/how-to/mark.html
    @pytest.mark.unit

backend/tests/test_citation_extractor.py:15
  /Users/harshodaikolluru/Public/askmukthiguru-8119b0e8/backend/tests/test_citation_extractor.py:15: PytestUnknownMarkWarning: Unknown pytest.mark.unit - is this a typo?  You can register custom marks to avoid this warning - for details, see https://docs.pytest.org/en/stable/how-to/mark.html
    @pytest.mark.unit

backend/tests/test_citation_extractor.py:20
  /Users/harshodaikolluru/Public/askmukthiguru-8119b0e8/backend/tests/test_citation_extractor.py:20: PytestUnknownMarkWarning: Unknown pytest.mark.unit - is this a typo?  You can register custom marks to avoid this warning - for details, see https://docs.pytest.org/en/stable/how-to/mark.html
    @pytest.mark.unit

backend/tests/test_citation_extractor.py:25
  /Users/harshodaikolluru/Public/askmukthiguru-8119b0e8/backend/tests/test_citation_extractor.py:25: PytestUnknownMarkWarning: Unknown pytest.mark.unit - is this a typo?  You can register custom marks to avoid this warning - for details, see https://docs.pytest.org/en/stable/how-to/mark.html
    @pytest.mark.unit

backend/tests/test_citation_extractor.py:32
  /Users/harshodaikolluru/Public/askmukthiguru-8119b0e8/backend/tests/test_citation_extractor.py:32: PytestUnknownMarkWarning: Unknown pytest.mark.unit - is this a typo?  You can register custom marks to avoid this warning - for details, see https://docs.pytest.org/en/stable/how-to/mark.html
    @pytest.mark.unit

backend/tests/test_citation_extractor.py:39
  /Users/harshodaikolluru/Public/askmukthiguru-8119b0e8/backend/tests/test_citation_extractor.py:39: PytestUnknownMarkWarning: Unknown pytest.mark.unit - is this a typo?  You can register custom marks to avoid this warning - for details, see https://docs.pytest.org/en/stable/how-to/mark.html
    @pytest.mark.unit

backend/tests/test_citation_extractor.py:55
  /Users/harshodaikolluru/Public/askmukthiguru-8119b0e8/backend/tests/test_citation_extractor.py:55: PytestUnknownMarkWarning: Unknown pytest.mark.unit - is this a typo?  You can register custom marks to avoid this warning - for details, see https://docs.pytest.org/en/stable/how-to/mark.html
    @pytest.mark.unit

backend/tests/test_memory_episodic.py:92
  /Users/harshodaikolluru/Public/askmukthiguru-8119b0e8/backend/tests/test_memory_episodic.py:92: PytestUnknownMarkWarning: Unknown pytest.mark.unit - is this a typo?  You can register custom marks to avoid this warning - for details, see https://docs.pytest.org/en/stable/how-to/mark.html
    @pytest.mark.unit

backend/tests/test_memory_episodic.py:108
  /Users/harshodaikolluru/Public/askmukthiguru-8119b0e8/backend/tests/test_memory_episodic.py:108: PytestUnknownMarkWarning: Unknown pytest.mark.unit - is this a typo?  You can register custom marks to avoid this warning - for details, see https://docs.pytest.org/en/stable/how-to/mark.html
    @pytest.mark.unit

backend/tests/test_memory_episodic.py:125
  /Users/harshodaikolluru/Public/askmukthiguru-8119b0e8/backend/tests/test_memory_episodic.py:125: PytestUnknownMarkWarning: Unknown pytest.mark.unit - is this a typo?  You can register custom marks to avoid this warning - for details, see https://docs.pytest.org/en/stable/how-to/mark.html
    @pytest.mark.unit

backend/tests/test_memory_episodic.py:137
  /Users/harshodaikolluru/Public/askmukthiguru-8119b0e8/backend/tests/test_memory_episodic.py:137: PytestUnknownMarkWarning: Unknown pytest.mark.unit - is this a typo?  You can register custom marks to avoid this warning - for details, see https://docs.pytest.org/en/stable/how-to/mark.html
    @pytest.mark.unit

backend/tests/test_memory_episodic.py:146
  /Users/harshodaikolluru/Public/askmukthiguru-8119b0e8/backend/tests/test_memory_episodic.py:146: PytestUnknownMarkWarning: Unknown pytest.mark.unit - is this a typo?  You can register custom marks to avoid this warning - for details, see https://docs.pytest.org/en/stable/how-to/mark.html
    @pytest.mark.unit

backend/tests/test_notebook_service.py:77
  /Users/harshodaikolluru/Public/askmukthiguru-8119b0e8/backend/tests/test_notebook_service.py:77: PytestUnknownMarkWarning: Unknown pytest.mark.unit - is this a typo?  You can register custom marks to avoid this warning - for details, see https://docs.pytest.org/en/stable/how-to/mark.html
    @pytest.mark.unit

backend/tests/test_notebook_service.py:90
  /Users/harshodaikolluru/Public/askmukthiguru-8119b0e8/backend/tests/test_notebook_service.py:90: PytestUnknownMarkWarning: Unknown pytest.mark.unit - is this a typo?  You can register custom marks to avoid this warning - for details, see https://docs.pytest.org/en/stable/how-to/mark.html
    @pytest.mark.unit

backend/tests/test_notebook_service.py:100
  /Users/harshodaikolluru/Public/askmukthiguru-8119b0e8/backend/tests/test_notebook_service.py:100: PytestUnknownMarkWarning: Unknown pytest.mark.unit - is this a typo?  You can register custom marks to avoid this warning - for details, see https://docs.pytest.org/en/stable/how-to/mark.html
    @pytest.mark.unit

backend/tests/test_notebook_service.py:113
  /Users/harshodaikolluru/Public/askmukthiguru-8119b0e8/backend/tests/test_notebook_service.py:113: PytestUnknownMarkWarning: Unknown pytest.mark.unit - is this a typo?  You can register custom marks to avoid this warning - for details, see https://docs.pytest.org/en/stable/how-to/mark.html
    @pytest.mark.unit

backend/tests/test_okf_compiler.py:22
  /Users/harshodaikolluru/Public/askmukthiguru-8119b0e8/backend/tests/test_okf_compiler.py:22: PytestUnknownMarkWarning: Unknown pytest.mark.unit - is this a typo?  You can register custom marks to avoid this warning - for details, see https://docs.pytest.org/en/stable/how-to/mark.html
    @pytest.mark.unit

backend/tests/test_okf_compiler.py:63
  /Users/harshodaikolluru/Public/askmukthiguru-8119b0e8/backend/tests/test_okf_compiler.py:63: PytestUnknownMarkWarning: Unknown pytest.mark.unit - is this a typo?  You can register custom marks to avoid this warning - for details, see https://docs.pytest.org/en/stable/how-to/mark.html
    @pytest.mark.unit

backend/tests/test_okf_compiler.py:75
  /Users/harshodaikolluru/Public/askmukthiguru-8119b0e8/backend/tests/test_okf_compiler.py:75: PytestUnknownMarkWarning: Unknown pytest.mark.unit - is this a typo?  You can register custom marks to avoid this warning - for details, see https://docs.pytest.org/en/stable/how-to/mark.html
    @pytest.mark.unit

backend/tests/test_okf_compiler.py:83
  /Users/harshodaikolluru/Public/askmukthiguru-8119b0e8/backend/tests/test_okf_compiler.py:83: PytestUnknownMarkWarning: Unknown pytest.mark.unit - is this a typo?  You can register custom marks to avoid this warning - for details, see https://docs.pytest.org/en/stable/how-to/mark.html
    @pytest.mark.unit

tests/test_chat_endpoint.py: 3 warnings
tests/test_edge_cases.py: 25 warnings
tests/test_graph_stage_fixes.py: 1 warning
tests/test_hyper_extract_adapter.py: 2 warnings
tests/test_ingestion_pipeline.py: 3 warnings
tests/test_intent_router.py: 3 warnings
tests/test_latency_optimization.py: 6 warnings
tests/test_log_metrics_fallback.py: 1 warning
tests/test_nodes.py: 5 warnings
tests/test_pipeline_stages.py: 4 warnings
tests/test_reranking_fail_safe.py: 2 warnings
tests/test_ruthless_phase2.py: 1 warning
tests/test_tiered_routing_streaming.py: 15 warnings
  /Users/harshodaikolluru/Public/askmukthiguru-8119b0e8/.venv/lib/python3.12/site-packages/supabase/_sync/client.py:309: DeprecationWarning: The 'timeout' parameter is deprecated. Please configure it in the http client instead.
    return SyncPostgrestClient(

tests/test_chat_endpoint.py: 3 warnings
tests/test_edge_cases.py: 25 warnings
tests/test_graph_stage_fixes.py: 1 warning
tests/test_hyper_extract_adapter.py: 2 warnings
tests/test_ingestion_pipeline.py: 3 warnings
tests/test_intent_router.py: 3 warnings
tests/test_latency_optimization.py: 6 warnings
tests/test_log_metrics_fallback.py: 1 warning
tests/test_nodes.py: 5 warnings
tests/test_pipeline_stages.py: 4 warnings
tests/test_reranking_fail_safe.py: 2 warnings
tests/test_ruthless_phase2.py: 1 warning
tests/test_tiered_routing_streaming.py: 15 warnings
  /Users/harshodaikolluru/Public/askmukthiguru-8119b0e8/.venv/lib/python3.12/site-packages/supabase/_sync/client.py:309: DeprecationWarning: The 'verify' parameter is deprecated. Please configure it in the http client instead.
    return SyncPostgrestClient(

tests/test_embedding_no_double_prefix.py::test_embedding_no_double_prefix
  /Users/harshodaikolluru/Public/askmukthiguru-8119b0e8/backend/services/embedding_service.py:233: UserWarning: 
  ********************************************************************************
  RAGatouille WARNING: Future Release Notice
  --------------------------------------------
  RAGatouille version 0.0.10 will be migrating to a PyLate backend 
  instead of the current Stanford ColBERT backend.
  PyLate is a fully mature, feature-equivalent backend, that greatly facilitates compatibility.
  However, please pin version <0.0.10 if you require the Stanford ColBERT backend.
  ********************************************************************************
    from ragatouille import RAGPretrainedModel

tests/test_embedding_no_double_prefix.py::test_embedding_no_double_prefix
  /Users/harshodaikolluru/Public/askmukthiguru-8119b0e8/.venv/lib/python3.12/site-packages/ragatouille/integrations/_langchain.py:29: PydanticDeprecatedSince20: Support for class-based `config` is deprecated, use ConfigDict instead. Deprecated in Pydantic V2.0 to be removed in V3.0. See Pydantic V2 Migration Guide at https://errors.pydantic.dev/2.13/migration/
    class RAGatouilleLangChainCompressor(BaseDocumentCompressor):

tests/test_embedding_no_double_prefix.py::test_embedding_no_double_prefix
tests/test_embedding_no_double_prefix.py::test_embedding_no_double_prefix
  <frozen importlib._bootstrap>:488: DeprecationWarning: builtin type SwigPyPacked has no __module__ attribute

tests/test_embedding_no_double_prefix.py::test_embedding_no_double_prefix
tests/test_embedding_no_double_prefix.py::test_embedding_no_double_prefix
  <frozen importlib._bootstrap>:488: DeprecationWarning: builtin type SwigPyObject has no __module__ attribute

tests/test_embedding_no_double_prefix.py::test_embedding_no_double_prefix
tests/test_embedding_no_double_prefix.py::test_embedding_no_double_prefix
tests/test_embedding_no_double_prefix.py::test_embedding_no_double_prefix
tests/test_embedding_no_double_prefix.py::test_embedding_no_double_prefix
tests/test_embedding_no_double_prefix.py::test_embedding_no_double_prefix
tests/test_embedding_no_double_prefix.py::test_embedding_no_double_prefix
tests/test_embedding_no_double_prefix.py::test_embedding_no_double_prefix
  /Users/harshodaikolluru/Public/askmukthiguru-8119b0e8/.venv/lib/python3.12/site-packages/torch/jit/_script.py:1488: DeprecationWarning: `torch.jit.script` is deprecated. Please switch to `torch.compile` or `torch.export`.
    warnings.warn(

tests/test_embedding_no_double_prefix.py::test_embedding_no_double_prefix
  <frozen importlib._bootstrap>:488: DeprecationWarning: builtin type swigvarlink has no __module__ attribute

tests/test_graph_cache.py::test_build_returns_cached_instance[build_rag_graph-standard]
tests/test_graph_cache.py::test_three_strategies_share_single_cache
tests/test_graph_strategy_wiring.py::test_standard_graph_compiles
  /Users/harshodaikolluru/Public/askmukthiguru-8119b0e8/backend/rag/graph_strategies.py:230: UserWarning: The 'config' parameter should be typed as 'RunnableConfig' or 'RunnableConfig | None', not 'dict'. 
    graph.add_node("intent_router", intent_router)

tests/test_graph_cache.py::test_build_returns_cached_instance[build_rag_graph-standard]
tests/test_graph_cache.py::test_three_strategies_share_single_cache
tests/test_graph_strategy_wiring.py::test_standard_graph_compiles
  /Users/harshodaikolluru/Public/askmukthiguru-8119b0e8/backend/rag/graph_strategies.py:231: UserWarning: The 'config' parameter should be typed as 'RunnableConfig' or 'RunnableConfig | None', not 'dict'. 
    graph.add_node("handle_distress_check", handle_distress_check)

tests/test_graph_cache.py::test_build_returns_cached_instance[build_rag_graph-standard]
tests/test_graph_cache.py::test_three_strategies_share_single_cache
tests/test_graph_strategy_wiring.py::test_standard_graph_compiles
  /Users/harshodaikolluru/Public/askmukthiguru-8119b0e8/backend/rag/graph_strategies.py:232: UserWarning: The 'config' parameter should be typed as 'RunnableConfig' or 'RunnableConfig | None', not 'dict'. 
    graph.add_node("resolve_parallel", resolve_parallel)

tests/test_graph_cache.py::test_build_returns_cached_instance[build_rag_graph-standard]
tests/test_graph_cache.py::test_three_strategies_share_single_cache
tests/test_graph_strategy_wiring.py::test_standard_graph_compiles
  /Users/harshodaikolluru/Public/askmukthiguru-8119b0e8/backend/rag/graph_strategies.py:233: UserWarning: The 'config' parameter should be typed as 'RunnableConfig' or 'RunnableConfig | None', not '<class 'dict'>'. 
    graph.add_node("resolve_followup", resolve_followup)

tests/test_graph_cache.py::test_build_returns_cached_instance[build_rag_graph-standard]
tests/test_graph_cache.py::test_three_strategies_share_single_cache
tests/test_graph_strategy_wiring.py::test_standard_graph_compiles
  /Users/harshodaikolluru/Public/askmukthiguru-8119b0e8/backend/rag/graph_strategies.py:234: UserWarning: The 'config' parameter should be typed as 'RunnableConfig' or 'RunnableConfig | None', not 'dict'. 
    graph.add_node("decompose_query", decompose_query)

tests/test_graph_cache.py::test_build_returns_cached_instance[build_rag_graph-standard]
tests/test_graph_cache.py::test_three_strategies_share_single_cache
tests/test_graph_strategy_wiring.py::test_standard_graph_compiles
  /Users/harshodaikolluru/Public/askmukthiguru-8119b0e8/backend/rag/graph_strategies.py:235: UserWarning: The 'config' parameter should be typed as 'RunnableConfig' or 'RunnableConfig | None', not 'dict'. 
    graph.add_node("navigate_and_hyde", navigate_and_hyde)

tests/test_graph_cache.py::test_build_returns_cached_instance[build_rag_graph-standard]
tests/test_graph_cache.py::test_three_strategies_share_single_cache
tests/test_graph_strategy_wiring.py::test_standard_graph_compiles
  /Users/harshodaikolluru/Public/askmukthiguru-8119b0e8/backend/rag/graph_strategies.py:236: UserWarning: The 'config' parameter should be typed as 'RunnableConfig' or 'RunnableConfig | None', not 'dict'. 
    graph.add_node("retrieve_documents", retrieve_documents)

tests/test_graph_cache.py::test_build_returns_cached_instance[build_rag_graph-standard]
tests/test_graph_cache.py::test_three_strategies_share_single_cache
tests/test_graph_strategy_wiring.py::test_standard_graph_compiles
  /Users/harshodaikolluru/Public/askmukthiguru-8119b0e8/backend/rag/graph_strategies.py:237: UserWarning: The 'config' parameter should be typed as 'RunnableConfig' or 'RunnableConfig | None', not 'dict'. 
    graph.add_node("rerank_documents", rerank_documents)

tests/test_graph_cache.py::test_build_returns_cached_instance[build_rag_graph-standard]
tests/test_graph_cache.py::test_three_strategies_share_single_cache
tests/test_graph_strategy_wiring.py::test_standard_graph_compiles
  /Users/harshodaikolluru/Public/askmukthiguru-8119b0e8/backend/rag/graph_strategies.py:238: UserWarning: The 'config' parameter should be typed as 'RunnableConfig' or 'RunnableConfig | None', not 'dict'. 
    graph.add_node("grade_documents", grade_documents)

tests/test_graph_cache.py::test_build_returns_cached_instance[build_rag_graph-standard]
tests/test_graph_cache.py::test_three_strategies_share_single_cache
tests/test_graph_strategy_wiring.py::test_standard_graph_compiles
  /Users/harshodaikolluru/Public/askmukthiguru-8119b0e8/backend/rag/graph_strategies.py:239: UserWarning: The 'config' parameter should be typed as 'RunnableConfig' or 'RunnableConfig | None', not 'dict'. 
    graph.add_node("enrich_context", enrich_context)

tests/test_graph_cache.py::test_build_returns_cached_instance[build_rag_graph-standard]
tests/test_graph_cache.py::test_three_strategies_share_single_cache
tests/test_graph_strategy_wiring.py::test_standard_graph_compiles
  /Users/harshodaikolluru/Public/askmukthiguru-8119b0e8/backend/rag/graph_strategies.py:240: UserWarning: The 'config' parameter should be typed as 'RunnableConfig' or 'RunnableConfig | None', not 'dict'. 
    graph.add_node("check_context_sufficiency", check_context_sufficiency)

tests/test_graph_cache.py::test_build_returns_cached_instance[build_rag_graph-standard]
tests/test_graph_cache.py::test_three_strategies_share_single_cache
tests/test_graph_strategy_wiring.py::test_standard_graph_compiles
  /Users/harshodaikolluru/Public/askmukthiguru-8119b0e8/backend/rag/graph_strategies.py:241: UserWarning: The 'config' parameter should be typed as 'RunnableConfig' or 'RunnableConfig | None', not 'dict'. 
    graph.add_node("rewrite_query", rewrite_query)

tests/test_graph_cache.py::test_build_returns_cached_instance[build_rag_graph-standard]
tests/test_graph_cache.py::test_three_strategies_share_single_cache
tests/test_graph_strategy_wiring.py::test_standard_graph_compiles
  /Users/harshodaikolluru/Public/askmukthiguru-8119b0e8/backend/rag/graph_strategies.py:242: UserWarning: The 'config' parameter should be typed as 'RunnableConfig' or 'RunnableConfig | None', not 'dict'. 
    graph.add_node("generate_answer", generate_answer)

tests/test_graph_cache.py::test_build_returns_cached_instance[build_rag_graph-standard]
tests/test_graph_cache.py::test_three_strategies_share_single_cache
tests/test_graph_strategy_wiring.py::test_standard_graph_compiles
  /Users/harshodaikolluru/Public/askmukthiguru-8119b0e8/backend/rag/graph_strategies.py:243: UserWarning: The 'config' parameter should be typed as 'RunnableConfig' or 'RunnableConfig | None', not 'dict'. 
    graph.add_node("reflect_on_answer", reflect_on_answer)

tests/test_graph_cache.py::test_build_returns_cached_instance[build_rag_graph-standard]
tests/test_graph_cache.py::test_three_strategies_share_single_cache
tests/test_graph_strategy_wiring.py::test_standard_graph_compiles
  /Users/harshodaikolluru/Public/askmukthiguru-8119b0e8/backend/rag/graph_strategies.py:244: UserWarning: The 'config' parameter should be typed as 'RunnableConfig' or 'RunnableConfig | None', not 'dict'. 
    graph.add_node("verify_answer", verify_answer)

tests/test_graph_cache.py::test_build_returns_cached_instance[build_rag_graph-standard]
tests/test_graph_cache.py::test_three_strategies_share_single_cache
tests/test_graph_strategy_wiring.py::test_standard_graph_compiles
  /Users/harshodaikolluru/Public/askmukthiguru-8119b0e8/backend/rag/graph_strategies.py:246: UserWarning: The 'config' parameter should be typed as 'RunnableConfig' or 'RunnableConfig | None', not 'dict'. 
    graph.add_node("context_engineer", context_engineer)

tests/test_graph_cache.py::test_build_returns_cached_instance[build_rag_graph-standard]
tests/test_graph_cache.py::test_three_strategies_share_single_cache
tests/test_graph_strategy_wiring.py::test_standard_graph_compiles
  /Users/harshodaikolluru/Public/askmukthiguru-8119b0e8/backend/rag/graph_strategies.py:247: UserWarning: The 'config' parameter should be typed as 'RunnableConfig' or 'RunnableConfig | None', not 'dict'. 
    graph.add_node("format_final_answer", format_final_answer)

tests/test_graph_cache.py::test_build_returns_cached_instance[build_rag_graph-standard]
tests/test_graph_cache.py::test_three_strategies_share_single_cache
tests/test_graph_strategy_wiring.py::test_standard_graph_compiles
  /Users/harshodaikolluru/Public/askmukthiguru-8119b0e8/backend/rag/graph_strategies.py:248: UserWarning: The 'config' parameter should be typed as 'RunnableConfig' or 'RunnableConfig | None', not 'dict'. 
    graph.add_node("handle_casual", handle_casual)

tests/test_graph_cache.py::test_build_returns_cached_instance[build_rag_graph-standard]
tests/test_graph_cache.py::test_three_strategies_share_single_cache
tests/test_graph_strategy_wiring.py::test_standard_graph_compiles
  /Users/harshodaikolluru/Public/askmukthiguru-8119b0e8/backend/rag/graph_strategies.py:249: UserWarning: The 'config' parameter should be typed as 'RunnableConfig' or 'RunnableConfig | None', not 'dict'. 
    graph.add_node("handle_distress", handle_distress)

tests/test_graph_cache.py::test_build_returns_cached_instance[build_rag_graph-standard]
tests/test_graph_cache.py::test_three_strategies_share_single_cache
tests/test_graph_strategy_wiring.py::test_standard_graph_compiles
  /Users/harshodaikolluru/Public/askmukthiguru-8119b0e8/backend/rag/graph_strategies.py:250: UserWarning: The 'config' parameter should be typed as 'RunnableConfig' or 'RunnableConfig | None', not 'dict'. 
    graph.add_node("handle_meditation", handle_meditation)

tests/test_graph_cache.py::test_build_returns_cached_instance[build_rag_graph-standard]
tests/test_graph_cache.py::test_three_strategies_share_single_cache
tests/test_graph_strategy_wiring.py::test_standard_graph_compiles
  /Users/harshodaikolluru/Public/askmukthiguru-8119b0e8/backend/rag/graph_strategies.py:251: UserWarning: The 'config' parameter should be typed as 'RunnableConfig' or 'RunnableConfig | None', not 'dict'. 
    graph.add_node("handle_fallback", handle_fallback)

tests/test_graph_cache.py::test_build_returns_cached_instance[build_rag_graph-standard]
tests/test_graph_cache.py::test_three_strategies_share_single_cache
tests/test_graph_strategy_wiring.py::test_standard_graph_compiles
  /Users/harshodaikolluru/Public/askmukthiguru-8119b0e8/backend/rag/graph_strategies.py:252: UserWarning: The 'config' parameter should be typed as 'RunnableConfig' or 'RunnableConfig | None', not 'dict'. 
    graph.add_node("web_search", web_search_node)

tests/test_graph_cache.py::test_build_returns_cached_instance[build_rag_graph-standard]
tests/test_graph_cache.py::test_three_strategies_share_single_cache
tests/test_graph_strategy_wiring.py::test_standard_graph_compiles
  /Users/harshodaikolluru/Public/askmukthiguru-8119b0e8/backend/rag/graph_strategies.py:253: UserWarning: The 'config' parameter should be typed as 'RunnableConfig' or 'RunnableConfig | None', not '<class 'dict'>'. 
    graph.add_node("cross_teacher_reasoning", cross_teacher_reasoning)

tests/test_graph_cache.py::test_build_returns_cached_instance[build_fast_graph-fast]
tests/test_graph_cache.py::test_three_strategies_share_single_cache
tests/test_graph_strategy_wiring.py::test_fast_graph_compiles
  /Users/harshodaikolluru/Public/askmukthiguru-8119b0e8/backend/rag/graph_strategies.py:368: UserWarning: The 'config' parameter should be typed as 'RunnableConfig' or 'RunnableConfig | None', not 'dict'. 
    graph.add_node("intent_router", intent_router)

tests/test_graph_cache.py::test_build_returns_cached_instance[build_fast_graph-fast]
tests/test_graph_cache.py::test_three_strategies_share_single_cache
tests/test_graph_strategy_wiring.py::test_fast_graph_compiles
  /Users/harshodaikolluru/Public/askmukthiguru-8119b0e8/backend/rag/graph_strategies.py:369: UserWarning: The 'config' parameter should be typed as 'RunnableConfig' or 'RunnableConfig | None', not 'dict'. 
    graph.add_node("handle_distress_check", handle_distress_check)

tests/test_graph_cache.py::test_build_returns_cached_instance[build_fast_graph-fast]
tests/test_graph_cache.py::test_three_strategies_share_single_cache
tests/test_graph_strategy_wiring.py::test_fast_graph_compiles
  /Users/harshodaikolluru/Public/askmukthiguru-8119b0e8/backend/rag/graph_strategies.py:370: UserWarning: The 'config' parameter should be typed as 'RunnableConfig' or 'RunnableConfig | None', not 'dict'. 
    graph.add_node("resolve_parallel", resolve_parallel)

tests/test_graph_cache.py::test_build_returns_cached_instance[build_fast_graph-fast]
tests/test_graph_cache.py::test_three_strategies_share_single_cache
tests/test_graph_strategy_wiring.py::test_fast_graph_compiles
  /Users/harshodaikolluru/Public/askmukthiguru-8119b0e8/backend/rag/graph_strategies.py:371: UserWarning: The 'config' parameter should be typed as 'RunnableConfig' or 'RunnableConfig | None', not 'dict'. 
    graph.add_node("retrieve_documents", retrieve_documents)

tests/test_graph_cache.py::test_build_returns_cached_instance[build_fast_graph-fast]
tests/test_graph_cache.py::test_three_strategies_share_single_cache
tests/test_graph_strategy_wiring.py::test_fast_graph_compiles
  /Users/harshodaikolluru/Public/askmukthiguru-8119b0e8/backend/rag/graph_strategies.py:373: UserWarning: The 'config' parameter should be typed as 'RunnableConfig' or 'RunnableConfig | None', not 'dict'. 
    graph.add_node("generate_answer", generate_answer)

tests/test_graph_cache.py::test_build_returns_cached_instance[build_fast_graph-fast]
tests/test_graph_cache.py::test_three_strategies_share_single_cache
tests/test_graph_strategy_wiring.py::test_fast_graph_compiles
  /Users/harshodaikolluru/Public/askmukthiguru-8119b0e8/backend/rag/graph_strategies.py:374: UserWarning: The 'config' parameter should be typed as 'RunnableConfig' or 'RunnableConfig | None', not 'dict'. 
    graph.add_node("format_final_answer", format_final_answer)

tests/test_graph_cache.py::test_build_returns_cached_instance[build_fast_graph-fast]
tests/test_graph_cache.py::test_three_strategies_share_single_cache
tests/test_graph_strategy_wiring.py::test_fast_graph_compiles
  /Users/harshodaikolluru/Public/askmukthiguru-8119b0e8/backend/rag/graph_strategies.py:377: UserWarning: The 'config' parameter should be typed as 'RunnableConfig' or 'RunnableConfig | None', not 'dict'. 
    graph.add_node("handle_casual", handle_casual)

tests/test_graph_cache.py::test_build_returns_cached_instance[build_fast_graph-fast]
tests/test_graph_cache.py::test_three_strategies_share_single_cache
tests/test_graph_strategy_wiring.py::test_fast_graph_compiles
  /Users/harshodaikolluru/Public/askmukthiguru-8119b0e8/backend/rag/graph_strategies.py:378: UserWarning: The 'config' parameter should be typed as 'RunnableConfig' or 'RunnableConfig | None', not 'dict'. 
    graph.add_node("handle_distress", handle_distress)

tests/test_graph_cache.py::test_build_returns_cached_instance[build_fast_graph-fast]
tests/test_graph_cache.py::test_three_strategies_share_single_cache
tests/test_graph_strategy_wiring.py::test_fast_graph_compiles
  /Users/harshodaikolluru/Public/askmukthiguru-8119b0e8/backend/rag/graph_strategies.py:379: UserWarning: The 'config' parameter should be typed as 'RunnableConfig' or 'RunnableConfig | None', not 'dict'. 
    graph.add_node("handle_meditation", handle_meditation)

tests/test_graph_cache.py::test_build_returns_cached_instance[build_fast_graph-fast]
tests/test_graph_cache.py::test_three_strategies_share_single_cache
tests/test_graph_strategy_wiring.py::test_fast_graph_compiles
  /Users/harshodaikolluru/Public/askmukthiguru-8119b0e8/backend/rag/graph_strategies.py:380: UserWarning: The 'config' parameter should be typed as 'RunnableConfig' or 'RunnableConfig | None', not 'dict'. 
    graph.add_node("handle_fallback", handle_fallback)

tests/test_graph_cache.py::test_build_returns_cached_instance[build_fast_graph-fast]
tests/test_graph_cache.py::test_three_strategies_share_single_cache
tests/test_graph_strategy_wiring.py::test_fast_graph_compiles
  /Users/harshodaikolluru/Public/askmukthiguru-8119b0e8/backend/rag/graph_strategies.py:381: UserWarning: The 'config' parameter should be typed as 'RunnableConfig' or 'RunnableConfig | None', not 'dict'. 
    graph.add_node("web_search", web_search_node)

tests/test_graph_cache.py::test_build_returns_cached_instance[build_deep_graph-deep]
tests/test_graph_cache.py::test_three_strategies_share_single_cache
tests/test_graph_strategy_wiring.py::test_deep_graph_compiles
  /Users/harshodaikolluru/Public/askmukthiguru-8119b0e8/backend/rag/graph_strategies.py:457: UserWarning: The 'config' parameter should be typed as 'RunnableConfig' or 'RunnableConfig | None', not 'dict'. 
    graph.add_node("intent_router", intent_router)

tests/test_graph_cache.py::test_build_returns_cached_instance[build_deep_graph-deep]
tests/test_graph_cache.py::test_three_strategies_share_single_cache
tests/test_graph_strategy_wiring.py::test_deep_graph_compiles
  /Users/harshodaikolluru/Public/askmukthiguru-8119b0e8/backend/rag/graph_strategies.py:458: UserWarning: The 'config' parameter should be typed as 'RunnableConfig' or 'RunnableConfig | None', not 'dict'. 
    graph.add_node("handle_distress_check", handle_distress_check)

tests/test_graph_cache.py::test_build_returns_cached_instance[build_deep_graph-deep]
tests/test_graph_cache.py::test_three_strategies_share_single_cache
tests/test_graph_strategy_wiring.py::test_deep_graph_compiles
  /Users/harshodaikolluru/Public/askmukthiguru-8119b0e8/backend/rag/graph_strategies.py:459: UserWarning: The 'config' parameter should be typed as 'RunnableConfig' or 'RunnableConfig | None', not 'dict'. 
    graph.add_node("resolve_parallel", resolve_parallel)

tests/test_graph_cache.py::test_build_returns_cached_instance[build_deep_graph-deep]
tests/test_graph_cache.py::test_three_strategies_share_single_cache
tests/test_graph_strategy_wiring.py::test_deep_graph_compiles
  /Users/harshodaikolluru/Public/askmukthiguru-8119b0e8/backend/rag/graph_strategies.py:460: UserWarning: The 'config' parameter should be typed as 'RunnableConfig' or 'RunnableConfig | None', not '<class 'dict'>'. 
    graph.add_node("resolve_followup", resolve_followup)

tests/test_graph_cache.py::test_build_returns_cached_instance[build_deep_graph-deep]
tests/test_graph_cache.py::test_three_strategies_share_single_cache
tests/test_graph_strategy_wiring.py::test_deep_graph_compiles
  /Users/harshodaikolluru/Public/askmukthiguru-8119b0e8/backend/rag/graph_strategies.py:461: UserWarning: The 'config' parameter should be typed as 'RunnableConfig' or 'RunnableConfig | None', not 'dict'. 
    graph.add_node("decompose_query", decompose_query)

tests/test_graph_cache.py::test_build_returns_cached_instance[build_deep_graph-deep]
tests/test_graph_cache.py::test_three_strategies_share_single_cache
tests/test_graph_strategy_wiring.py::test_deep_graph_compiles
  /Users/harshodaikolluru/Public/askmukthiguru-8119b0e8/backend/rag/graph_strategies.py:462: UserWarning: The 'config' parameter should be typed as 'RunnableConfig' or 'RunnableConfig | None', not 'dict'. 
    graph.add_node("navigate_and_hyde", navigate_and_hyde)

tests/test_graph_cache.py::test_build_returns_cached_instance[build_deep_graph-deep]
tests/test_graph_cache.py::test_three_strategies_share_single_cache
tests/test_graph_strategy_wiring.py::test_deep_graph_compiles
  /Users/harshodaikolluru/Public/askmukthiguru-8119b0e8/backend/rag/graph_strategies.py:463: UserWarning: The 'config' parameter should be typed as 'RunnableConfig' or 'RunnableConfig | None', not 'dict'. 
    graph.add_node("retrieve_documents", retrieve_documents)

tests/test_graph_cache.py::test_build_returns_cached_instance[build_deep_graph-deep]
tests/test_graph_cache.py::test_three_strategies_share_single_cache
tests/test_graph_strategy_wiring.py::test_deep_graph_compiles
  /Users/harshodaikolluru/Public/askmukthiguru-8119b0e8/backend/rag/graph_strategies.py:464: UserWarning: The 'config' parameter should be typed as 'RunnableConfig' or 'RunnableConfig | None', not 'dict'. 
    graph.add_node("rerank_documents", rerank_documents)

tests/test_graph_cache.py::test_build_returns_cached_instance[build_deep_graph-deep]
tests/test_graph_cache.py::test_three_strategies_share_single_cache
tests/test_graph_strategy_wiring.py::test_deep_graph_compiles
  /Users/harshodaikolluru/Public/askmukthiguru-8119b0e8/backend/rag/graph_strategies.py:465: UserWarning: The 'config' parameter should be typed as 'RunnableConfig' or 'RunnableConfig | None', not 'dict'. 
    graph.add_node("grade_documents", grade_documents)

tests/test_graph_cache.py::test_build_returns_cached_instance[build_deep_graph-deep]
tests/test_graph_cache.py::test_three_strategies_share_single_cache
tests/test_graph_strategy_wiring.py::test_deep_graph_compiles
  /Users/harshodaikolluru/Public/askmukthiguru-8119b0e8/backend/rag/graph_strategies.py:466: UserWarning: The 'config' parameter should be typed as 'RunnableConfig' or 'RunnableConfig | None', not 'dict'. 
    graph.add_node("enrich_context", enrich_context)

tests/test_graph_cache.py::test_build_returns_cached_instance[build_deep_graph-deep]
tests/test_graph_cache.py::test_three_strategies_share_single_cache
tests/test_graph_strategy_wiring.py::test_deep_graph_compiles
  /Users/harshodaikolluru/Public/askmukthiguru-8119b0e8/backend/rag/graph_strategies.py:467: UserWarning: The 'config' parameter should be typed as 'RunnableConfig' or 'RunnableConfig | None', not 'dict'. 
    graph.add_node("check_context_sufficiency", check_context_sufficiency)

tests/test_graph_cache.py::test_build_returns_cached_instance[build_deep_graph-deep]
tests/test_graph_cache.py::test_three_strategies_share_single_cache
tests/test_graph_strategy_wiring.py::test_deep_graph_compiles
  /Users/harshodaikolluru/Public/askmukthiguru-8119b0e8/backend/rag/graph_strategies.py:468: UserWarning: The 'config' parameter should be typed as 'RunnableConfig' or 'RunnableConfig | None', not 'dict'. 
    graph.add_node("rewrite_query", rewrite_query)

tests/test_graph_cache.py::test_build_returns_cached_instance[build_deep_graph-deep]
tests/test_graph_cache.py::test_three_strategies_share_single_cache
tests/test_graph_strategy_wiring.py::test_deep_graph_compiles
  /Users/harshodaikolluru/Public/askmukthiguru-8119b0e8/backend/rag/graph_strategies.py:469: UserWarning: The 'config' parameter should be typed as 'RunnableConfig' or 'RunnableConfig | None', not 'dict'. 
    graph.add_node("generate_answer", generate_answer)

tests/test_graph_cache.py::test_build_returns_cached_instance[build_deep_graph-deep]
tests/test_graph_cache.py::test_three_strategies_share_single_cache
tests/test_graph_strategy_wiring.py::test_deep_graph_compiles
  /Users/harshodaikolluru/Public/askmukthiguru-8119b0e8/backend/rag/graph_strategies.py:470: UserWarning: The 'config' parameter should be typed as 'RunnableConfig' or 'RunnableConfig | None', not 'dict'. 
    graph.add_node("reflect_on_answer", reflect_on_answer)

tests/test_graph_cache.py::test_build_returns_cached_instance[build_deep_graph-deep]
tests/test_graph_cache.py::test_three_strategies_share_single_cache
tests/test_graph_strategy_wiring.py::test_deep_graph_compiles
  /Users/harshodaikolluru/Public/askmukthiguru-8119b0e8/backend/rag/graph_strategies.py:471: UserWarning: The 'config' parameter should be typed as 'RunnableConfig' or 'RunnableConfig | None', not 'dict'. 
    graph.add_node("verify_answer", verify_answer)

tests/test_graph_cache.py::test_build_returns_cached_instance[build_deep_graph-deep]
tests/test_graph_cache.py::test_three_strategies_share_single_cache
tests/test_graph_strategy_wiring.py::test_deep_graph_compiles
  /Users/harshodaikolluru/Public/askmukthiguru-8119b0e8/backend/rag/graph_strategies.py:473: UserWarning: The 'config' parameter should be typed as 'RunnableConfig' or 'RunnableConfig | None', not 'dict'. 
    graph.add_node("context_engineer", context_engineer)

tests/test_graph_cache.py::test_build_returns_cached_instance[build_deep_graph-deep]
tests/test_graph_cache.py::test_three_strategies_share_single_cache
tests/test_graph_strategy_wiring.py::test_deep_graph_compiles
  /Users/harshodaikolluru/Public/askmukthiguru-8119b0e8/backend/rag/graph_strategies.py:474: UserWarning: The 'config' parameter should be typed as 'RunnableConfig' or 'RunnableConfig | None', not 'dict'. 
    graph.add_node("format_final_answer", format_final_answer)

tests/test_graph_cache.py::test_build_returns_cached_instance[build_deep_graph-deep]
tests/test_graph_cache.py::test_three_strategies_share_single_cache
tests/test_graph_strategy_wiring.py::test_deep_graph_compiles
  /Users/harshodaikolluru/Public/askmukthiguru-8119b0e8/backend/rag/graph_strategies.py:476: UserWarning: The 'config' parameter should be typed as 'RunnableConfig' or 'RunnableConfig | None', not 'dict'. 
    graph.add_node("handle_casual", handle_casual)

tests/test_graph_cache.py::test_build_returns_cached_instance[build_deep_graph-deep]
tests/test_graph_cache.py::test_three_strategies_share_single_cache
tests/test_graph_strategy_wiring.py::test_deep_graph_compiles
  /Users/harshodaikolluru/Public/askmukthiguru-8119b0e8/backend/rag/graph_strategies.py:477: UserWarning: The 'config' parameter should be typed as 'RunnableConfig' or 'RunnableConfig | None', not 'dict'. 
    graph.add_node("handle_distress", handle_distress)

tests/test_graph_cache.py::test_build_returns_cached_instance[build_deep_graph-deep]
tests/test_graph_cache.py::test_three_strategies_share_single_cache
tests/test_graph_strategy_wiring.py::test_deep_graph_compiles
  /Users/harshodaikolluru/Public/askmukthiguru-8119b0e8/backend/rag/graph_strategies.py:478: UserWarning: The 'config' parameter should be typed as 'RunnableConfig' or 'RunnableConfig | None', not 'dict'. 
    graph.add_node("handle_meditation", handle_meditation)

tests/test_graph_cache.py::test_build_returns_cached_instance[build_deep_graph-deep]
tests/test_graph_cache.py::test_three_strategies_share_single_cache
tests/test_graph_strategy_wiring.py::test_deep_graph_compiles
  /Users/harshodaikolluru/Public/askmukthiguru-8119b0e8/backend/rag/graph_strategies.py:479: UserWarning: The 'config' parameter should be typed as 'RunnableConfig' or 'RunnableConfig | None', not 'dict'. 
    graph.add_node("handle_fallback", handle_fallback)

tests/test_graph_cache.py::test_build_returns_cached_instance[build_deep_graph-deep]
tests/test_graph_cache.py::test_three_strategies_share_single_cache
tests/test_graph_strategy_wiring.py::test_deep_graph_compiles
  /Users/harshodaikolluru/Public/askmukthiguru-8119b0e8/backend/rag/graph_strategies.py:480: UserWarning: The 'config' parameter should be typed as 'RunnableConfig' or 'RunnableConfig | None', not 'dict'. 
    graph.add_node("web_search", web_search_node)

tests/test_graph_cache.py::test_build_returns_cached_instance[build_deep_graph-deep]
tests/test_graph_cache.py::test_three_strategies_share_single_cache
tests/test_graph_strategy_wiring.py::test_deep_graph_compiles
  /Users/harshodaikolluru/Public/askmukthiguru-8119b0e8/backend/rag/graph_strategies.py:481: UserWarning: The 'config' parameter should be typed as 'RunnableConfig' or 'RunnableConfig | None', not '<class 'dict'>'. 
    graph.add_node("cross_teacher_reasoning", cross_teacher_reasoning)

tests/test_ruthless_phase2.py::test_feedback_lessons_mining
  /Users/harshodaikolluru/Public/askmukthiguru-8119b0e8/backend/app/core/feedback_store.py:32: DeprecationWarning: datetime.datetime.utcnow() is deprecated and scheduled for removal in a future version. Use timezone-aware objects to represent datetimes in UTC: datetime.datetime.now(datetime.UTC).
    "timestamp": datetime.utcnow().isoformat(),

tests/test_ruthless_phase2.py::test_feedback_lessons_mining
  /Users/harshodaikolluru/Public/askmukthiguru-8119b0e8/backend/app/core/refiner.py:77: DeprecationWarning: datetime.datetime.utcnow() is deprecated and scheduled for removal in a future version. Use timezone-aware objects to represent datetimes in UTC: datetime.datetime.now(datetime.UTC).
    "timestamp": datetime.utcnow().isoformat(),

-- Docs: https://docs.pytest.org/en/stable/how-to/capture-warnings.html
====================== 569 passed, 351 warnings in 11.87s ======================
